<?xml version="1.0" encoding="UTF-8"?>
<!-- Generated by org.testng.reporters.JUnitXMLReporter -->
<testsuite ignored="0" hostname="Prashant_Laptop" failures="0" tests="8" name="Default test" time="0.092" errors="0" timestamp="2024-10-24T16:24:00 IST">
  <testcase classname="Demo.Assertions.InvocationCoubtDemo" name="testMethod1" time="0.01"/>
  <testcase classname="Demo.Assertions.InvocationCoubtDemo" name="testMethod1" time="0.001"/>
  <testcase classname="Demo.Assertions.InvocationCoubtDemo" name="testMethod1" time="0.001"/>
  <testcase classname="Demo.Assertions.InvocationCoubtDemo" name="testMethod1" time="0.001"/>
  <testcase classname="Demo.Assertions.InvocationCoubtDemo" name="testMethod1" time="0.002"/>
  <testcase classname="Demo.Assertions.InvocationCoubtDemo" name="testMethod2" time="0.001"/>
  <testcase classname="Demo.Assertions.InvocationCoubtDemo" name="testMethod2" time="0.002"/>
  <testcase classname="Demo.Assertions.InvocationCoubtDemo" name="testMethod2" time="0.001"/>
</testsuite> <!-- Default test -->
