<?xml version="1.0" encoding="UTF-8"?>
<testng-results ignored="0" total="8" passed="8" failed="0" skipped="0">
  <reporter-output>
  </reporter-output>
  <suite started-at="2024-10-24T16:24:00 IST" name="Default suite" finished-at="2024-10-24T16:24:00 IST" duration-ms="92">
    <groups>
    </groups>
    <test started-at="2024-10-24T16:24:00 IST" name="Default test" finished-at="2024-10-24T16:24:00 IST" duration-ms="92">
      <class name="Demo.Assertions.InvocationCoubtDemo">
        <test-method signature="testMethod1(org.testng.ITestContext)[pri:0, instance:Demo.Assertions.InvocationCoubtDemo@43bc63a3]" started-at="2024-10-24T16:24:00 IST" name="testMethod1" finished-at="2024-10-24T16:24:00 IST" duration-ms="10" status="PASS">
          <params>
            <param index="0">
              <value>
                <![CDATA[org.testng.TestRunner@2f8dad04]]>
              </value>
            </param>
          </params>
          <reporter-output>
          </reporter-output>
        </test-method> <!-- testMethod1 -->
        <test-method signature="testMethod1(org.testng.ITestContext)[pri:0, instance:Demo.Assertions.InvocationCoubtDemo@43bc63a3]" started-at="2024-10-24T16:24:00 IST" name="testMethod1" finished-at="2024-10-24T16:24:00 IST" duration-ms="1" status="PASS">
          <params>
            <param index="0">
              <value>
                <![CDATA[org.testng.TestRunner@2f8dad04]]>
              </value>
            </param>
          </params>
          <reporter-output>
          </reporter-output>
        </test-method> <!-- testMethod1 -->
        <test-method signature="testMethod1(org.testng.ITestContext)[pri:0, instance:Demo.Assertions.InvocationCoubtDemo@43bc63a3]" started-at="2024-10-24T16:24:00 IST" name="testMethod1" finished-at="2024-10-24T16:24:00 IST" duration-ms="1" status="PASS">
          <params>
            <param index="0">
              <value>
                <![CDATA[org.testng.TestRunner@2f8dad04]]>
              </value>
            </param>
          </params>
          <reporter-output>
          </reporter-output>
        </test-method> <!-- testMethod1 -->
        <test-method signature="testMethod1(org.testng.ITestContext)[pri:0, instance:Demo.Assertions.InvocationCoubtDemo@43bc63a3]" started-at="2024-10-24T16:24:00 IST" name="testMethod1" finished-at="2024-10-24T16:24:00 IST" duration-ms="1" status="PASS">
          <params>
            <param index="0">
              <value>
                <![CDATA[org.testng.TestRunner@2f8dad04]]>
              </value>
            </param>
          </params>
          <reporter-output>
          </reporter-output>
        </test-method> <!-- testMethod1 -->
        <test-method signature="testMethod1(org.testng.ITestContext)[pri:0, instance:Demo.Assertions.InvocationCoubtDemo@43bc63a3]" started-at="2024-10-24T16:24:00 IST" name="testMethod1" finished-at="2024-10-24T16:24:00 IST" duration-ms="2" status="PASS">
          <params>
            <param index="0">
              <value>
                <![CDATA[org.testng.TestRunner@2f8dad04]]>
              </value>
            </param>
          </params>
          <reporter-output>
          </reporter-output>
        </test-method> <!-- testMethod1 -->
        <test-method signature="testMethod2(org.testng.ITestContext)[pri:0, instance:Demo.Assertions.InvocationCoubtDemo@43bc63a3]" started-at="2024-10-24T16:24:00 IST" name="testMethod2" finished-at="2024-10-24T16:24:00 IST" duration-ms="1" status="PASS">
          <params>
            <param index="0">
              <value>
                <![CDATA[org.testng.TestRunner@2f8dad04]]>
              </value>
            </param>
          </params>
          <reporter-output>
          </reporter-output>
        </test-method> <!-- testMethod2 -->
        <test-method signature="testMethod2(org.testng.ITestContext)[pri:0, instance:Demo.Assertions.InvocationCoubtDemo@43bc63a3]" started-at="2024-10-24T16:24:00 IST" name="testMethod2" finished-at="2024-10-24T16:24:00 IST" duration-ms="2" status="PASS">
          <params>
            <param index="0">
              <value>
                <![CDATA[org.testng.TestRunner@2f8dad04]]>
              </value>
            </param>
          </params>
          <reporter-output>
          </reporter-output>
        </test-method> <!-- testMethod2 -->
        <test-method signature="testMethod2(org.testng.ITestContext)[pri:0, instance:Demo.Assertions.InvocationCoubtDemo@43bc63a3]" started-at="2024-10-24T16:24:00 IST" name="testMethod2" finished-at="2024-10-24T16:24:00 IST" duration-ms="1" status="PASS">
          <params>
            <param index="0">
              <value>
                <![CDATA[org.testng.TestRunner@2f8dad04]]>
              </value>
            </param>
          </params>
          <reporter-output>
          </reporter-output>
        </test-method> <!-- testMethod2 -->
      </class> <!-- Demo.Assertions.InvocationCoubtDemo -->
    </test> <!-- Default test -->
  </suite> <!-- Default suite -->
</testng-results>
